# JRE version: Java(TM) SE Runtime Environment (8.0_241-b07) (build 1.8.0_241-b07)
# Java VM: Java HotSpot(TM) 64-Bit Server VM (25.241-b07 mixed mode windows-amd64 compressed oops)
Heap:
 PSYoungGen      total 162304K, used 85596K [0x00000000f5580000, 0x0000000100000000, 0x0000000100000000)
  eden space 150016K, 48% used [0x00000000f5580000,0x00000000f9d1f148,0x00000000fe800000)
  from space 12288K, 99% used [0x00000000fe800000,0x00000000ff3f8030,0x00000000ff400000)
  to   space 12288K, 0% used [0x00000000ff400000,0x00000000ff400000,0x0000000100000000)
 ParOldGen       total 175104K, used 18885K [0x00000000e0000000, 0x00000000eab00000, 0x00000000f5580000)
  object space 175104K, 10% used [0x00000000e0000000,0x00000000e1271458,0x00000000eab00000)
 Metaspace       used 45906K, capacity 48368K, committed 48640K, reserved 1091584K
  class space    used 6579K, capacity 7056K, committed 7168K, reserved 1048576K
GC Heap History (10 events):
Event: 4.664 GC heap before
{Heap before GC invocations=7 (full 1):
 PSYoungGen      total 76288K, used 74172K [0x00000000f5580000, 0x00000000fd580000, 0x0000000100000000)
  eden space 65536K, 100% used [0x00000000f5580000,0x00000000f9580000,0x00000000f9580000)
  from space 10752K, 80% used [0x00000000f9580000,0x00000000f9def398,0x00000000fa000000)
  to   space 12288K, 0% used [0x00000000fc980000,0x00000000fc980000,0x00000000fd580000)
 ParOldGen       total 175104K, used 7402K [0x00000000e0000000, 0x00000000eab00000, 0x00000000f5580000)
  object space 175104K, 4% used [0x00000000e0000000,0x00000000e073ab80,0x00000000eab00000)
 Metaspace       used 33626K, capacity 34734K, committed 34944K, reserved 1079296K
  class space    used 4686K, capacity 4933K, committed 4992K, reserved 1048576K
Event: 4.672 GC heap after
Heap after GC invocations=7 (full 1):
 PSYoungGen      total 115712K, used 9998K [0x00000000f5580000, 0x00000000fd400000, 0x0000000100000000)
  eden space 104960K, 0% used [0x00000000f5580000,0x00000000f5580000,0x00000000fbc00000)
  from space 10752K, 92% used [0x00000000fc980000,0x00000000fd3439d0,0x00000000fd400000)
  to   space 12288K, 0% used [0x00000000fbc00000,0x00000000fbc00000,0x00000000fc800000)
 ParOldGen       total 175104K, used 7410K [0x00000000e0000000, 0x00000000eab00000, 0x00000000f5580000)
  object space 175104K, 4% used [0x00000000e0000000,0x00000000e073cb80,0x00000000eab00000)
 Metaspace       used 33626K, capacity 34734K, committed 34944K, reserved 1079296K
  class space    used 4686K, capacity 4933K, committed 4992K, reserved 1048576K
}
Event: 4.776 GC heap before
{Heap before GC invocations=8 (full 1):
 PSYoungGen      total 115712K, used 20462K [0x00000000f5580000, 0x00000000fd400000, 0x0000000100000000)
  eden space 104960K, 9% used [0x00000000f5580000,0x00000000f5fb8010,0x00000000fbc00000)
  from space 10752K, 92% used [0x00000000fc980000,0x00000000fd3439d0,0x00000000fd400000)
  to   space 12288K, 0% used [0x00000000fbc00000,0x00000000fbc00000,0x00000000fc800000)
 ParOldGen       total 175104K, used 7410K [0x00000000e0000000, 0x00000000eab00000, 0x00000000f5580000)
  object space 175104K, 4% used [0x00000000e0000000,0x00000000e073cb80,0x00000000eab00000)
 Metaspace       used 34306K, capacity 35412K, committed 35496K, reserved 1079296K
  class space    used 4802K, capacity 5046K, committed 5120K, reserved 1048576K
Event: 4.787 GC heap after
Heap after GC invocations=8 (full 1):
 PSYoungGen      total 117248K, used 7104K [0x00000000f5580000, 0x0000000100000000, 0x0000000100000000)
  eden space 104960K, 0% used [0x00000000f5580000,0x00000000f5580000,0x00000000fbc00000)
  from space 12288K, 57% used [0x00000000fbc00000,0x00000000fc2f03f0,0x00000000fc800000)
  to   space 12288K, 0% used [0x00000000ff400000,0x00000000ff400000,0x0000000100000000)
 ParOldGen       total 175104K, used 7410K [0x00000000e0000000, 0x00000000eab00000, 0x00000000f5580000)
  object space 175104K, 4% used [0x00000000e0000000,0x00000000e073cb80,0x00000000eab00000)
 Metaspace       used 34306K, capacity 35412K, committed 35496K, reserved 1079296K
  class space    used 4802K, capacity 5046K, committed 5120K, reserved 1048576K
}
Event: 4.787 GC heap before
{Heap before GC invocations=9 (full 2):
 PSYoungGen      total 117248K, used 7104K [0x00000000f5580000, 0x0000000100000000, 0x0000000100000000)
  eden space 104960K, 0% used [0x00000000f5580000,0x00000000f5580000,0x00000000fbc00000)
  from space 12288K, 57% used [0x00000000fbc00000,0x00000000fc2f03f0,0x00000000fc800000)
  to   space 12288K, 0% used [0x00000000ff400000,0x00000000ff400000,0x0000000100000000)
 ParOldGen       total 175104K, used 7410K [0x00000000e0000000, 0x00000000eab00000, 0x00000000f5580000)
  object space 175104K, 4% used [0x00000000e0000000,0x00000000e073cb80,0x00000000eab00000)
 Metaspace       used 34306K, capacity 35412K, committed 35496K, reserved 1079296K
  class space    used 4802K, capacity 5046K, committed 5120K, reserved 1048576K
Event: 4.842 GC heap after
Heap after GC invocations=9 (full 2):
 PSYoungGen      total 117248K, used 0K [0x00000000f5580000, 0x0000000100000000, 0x0000000100000000)
  eden space 104960K, 0% used [0x00000000f5580000,0x00000000f5580000,0x00000000fbc00000)
  from space 12288K, 0% used [0x00000000fbc00000,0x00000000fbc00000,0x00000000fc800000)
  to   space 12288K, 0% used [0x00000000ff400000,0x00000000ff400000,0x0000000100000000)
 ParOldGen       total 175104K, used 13858K [0x00000000e0000000, 0x00000000eab00000, 0x00000000f5580000)
  object space 175104K, 7% used [0x00000000e0000000,0x00000000e0d88a88,0x00000000eab00000)
 Metaspace       used 34306K, capacity 35412K, committed 35496K, reserved 1079296K
  class space    used 4802K, capacity 5046K, committed 5120K, reserved 1048576K
}
Event: 5.989 GC heap before
{Heap before GC invocations=10 (full 2):
 PSYoungGen      total 117248K, used 104960K [0x00000000f5580000, 0x0000000100000000, 0x0000000100000000)
  eden space 104960K, 100% used [0x00000000f5580000,0x00000000fbc00000,0x00000000fbc00000)
  from space 12288K, 0% used [0x00000000fbc00000,0x00000000fbc00000,0x00000000fc800000)
  to   space 12288K, 0% used [0x00000000ff400000,0x00000000ff400000,0x0000000100000000)
 ParOldGen       total 175104K, used 13858K [0x00000000e0000000, 0x00000000eab00000, 0x00000000f5580000)
  object space 175104K, 7% used [0x00000000e0000000,0x00000000e0d88a88,0x00000000eab00000)
 Metaspace       used 40219K, capacity 42164K, committed 42368K, reserved 1085440K
  class space    used 5787K, capacity 6158K, committed 6272K, reserved 1048576K
Event: 5.999 GC heap after
Heap after GC invocations=10 (full 2):
 PSYoungGen      total 162304K, used 8366K [0x00000000f5580000, 0x0000000100000000, 0x0000000100000000)
  eden space 150016K, 0% used [0x00000000f5580000,0x00000000f5580000,0x00000000fe800000)
  from space 12288K, 68% used [0x00000000ff400000,0x00000000ffc2bb08,0x0000000100000000)
  to   space 12288K, 0% used [0x00000000fe800000,0x00000000fe800000,0x00000000ff400000)
 ParOldGen       total 175104K, used 13866K [0x00000000e0000000, 0x00000000eab00000, 0x00000000f5580000)
  object space 175104K, 7% used [0x00000000e0000000,0x00000000e0d8aa88,0x00000000eab00000)
 Metaspace       used 40219K, capacity 42164K, committed 42368K, reserved 1085440K
  class space    used 5787K, capacity 6158K, committed 6272K, reserved 1048576K
}
Event: 7.753 GC heap before
{Heap before GC invocations=11 (full 2):
 PSYoungGen      total 162304K, used 158382K [0x00000000f5580000, 0x0000000100000000, 0x0000000100000000)
  eden space 150016K, 100% used [0x00000000f5580000,0x00000000fe800000,0x00000000fe800000)
  from space 12288K, 68% used [0x00000000ff400000,0x00000000ffc2bb08,0x0000000100000000)
  to   space 12288K, 0% used [0x00000000fe800000,0x00000000fe800000,0x00000000ff400000)
 ParOldGen       total 175104K, used 13866K [0x00000000e0000000, 0x00000000eab00000, 0x00000000f5580000)
  object space 175104K, 7% used [0x00000000e0000000,0x00000000e0d8aa88,0x00000000eab00000)
 Metaspace       used 45771K, capacity 48290K, committed 48640K, reserved 1091584K
  class space    used 6576K, capacity 7055K, committed 7168K, reserved 1048576K
Event: 7.774 GC heap after
Heap after GC invocations=11 (full 2):
 PSYoungGen      total 162304K, used 12256K [0x00000000f5580000, 0x0000000100000000, 0x0000000100000000)
  eden space 150016K, 0% used [0x00000000f5580000,0x00000000f5580000,0x00000000fe800000)
  from space 12288K, 99% used [0x00000000fe800000,0x00000000ff3f8030,0x00000000ff400000)
  to   space 12288K, 0% used [0x00000000ff400000,0x00000000ff400000,0x0000000100000000)
 ParOldGen       total 175104K, used 18885K [0x00000000e0000000, 0x00000000eab00000, 0x00000000f5580000)
  object space 175104K, 10% used [0x00000000e0000000,0x00000000e1271458,0x00000000eab00000)
 Metaspace       used 45771K, capacity 48290K, committed 48640K, reserved 1091584K
  class space    used 6576K, capacity 7055K, committed 7168K, reserved 1048576K
}

