# JRE version: Java(TM) SE Runtime Environment (8.0_241-b07) (build 1.8.0_241-b07)
# Java VM: Java HotSpot(TM) 64-Bit Server VM (25.241-b07 mixed mode windows-amd64 compressed oops)
Heap:
 PSYoungGen      total 192512K, used 65049K [0x000000076bb00000, 0x000000077b400000, 0x00000007c0000000)
  eden space 176640K, 36% used [0x000000076bb00000,0x000000076fa865d8,0x0000000776780000)
  from space 15872K, 0% used [0x0000000776780000,0x0000000776780000,0x0000000777700000)
  to   space 18432K, 0% used [0x000000077a200000,0x000000077a200000,0x000000077b400000)
 ParOldGen       total 175104K, used 28022K [0x00000006c3000000, 0x00000006cdb00000, 0x000000076bb00000)
  object space 175104K, 16% used [0x00000006c3000000,0x00000006c4b5d888,0x00000006cdb00000)
 Metaspace       used 59263K, capacity 62360K, committed 62488K, reserved 1103872K
  class space    used 8201K, capacity 8706K, committed 8752K, reserved 1048576K
GC Heap History (10 events):
Event: 5.342 GC heap before
{Heap before GC invocations=8 (full 1):
 PSYoungGen      total 137216K, used 68428K [0x000000076bb00000, 0x0000000777c00000, 0x00000007c0000000)
  eden space 125952K, 45% used [0x000000076bb00000,0x000000076f2d3d20,0x0000000773600000)
  from space 11264K, 99% used [0x0000000774380000,0x0000000774e7f530,0x0000000774e80000)
  to   space 13824K, 0% used [0x0000000773600000,0x0000000773600000,0x0000000774380000)
 ParOldGen       total 112128K, used 10621K [0x00000006c3000000, 0x00000006c9d80000, 0x000000076bb00000)
  object space 112128K, 9% used [0x00000006c3000000,0x00000006c3a5f510,0x00000006c9d80000)
 Metaspace       used 33529K, capacity 35448K, committed 35496K, reserved 1079296K
  class space    used 4359K, capacity 4738K, committed 4784K, reserved 1048576K
Event: 5.352 GC heap after
Heap after GC invocations=8 (full 1):
 PSYoungGen      total 139776K, used 9377K [0x000000076bb00000, 0x0000000778680000, 0x00000007c0000000)
  eden space 125952K, 0% used [0x000000076bb00000,0x000000076bb00000,0x0000000773600000)
  from space 13824K, 67% used [0x0000000773600000,0x0000000773f286e8,0x0000000774380000)
  to   space 13824K, 0% used [0x0000000777900000,0x0000000777900000,0x0000000778680000)
 ParOldGen       total 112128K, used 10629K [0x00000006c3000000, 0x00000006c9d80000, 0x000000076bb00000)
  object space 112128K, 9% used [0x00000006c3000000,0x00000006c3a61510,0x00000006c9d80000)
 Metaspace       used 33529K, capacity 35448K, committed 35496K, reserved 1079296K
  class space    used 4359K, capacity 4738K, committed 4784K, reserved 1048576K
}
Event: 5.352 GC heap before
{Heap before GC invocations=9 (full 2):
 PSYoungGen      total 139776K, used 9377K [0x000000076bb00000, 0x0000000778680000, 0x00000007c0000000)
  eden space 125952K, 0% used [0x000000076bb00000,0x000000076bb00000,0x0000000773600000)
  from space 13824K, 67% used [0x0000000773600000,0x0000000773f286e8,0x0000000774380000)
  to   space 13824K, 0% used [0x0000000777900000,0x0000000777900000,0x0000000778680000)
 ParOldGen       total 112128K, used 10629K [0x00000006c3000000, 0x00000006c9d80000, 0x000000076bb00000)
  object space 112128K, 9% used [0x00000006c3000000,0x00000006c3a61510,0x00000006c9d80000)
 Metaspace       used 33529K, capacity 35448K, committed 35496K, reserved 1079296K
  class space    used 4359K, capacity 4738K, committed 4784K, reserved 1048576K
Event: 5.414 GC heap after
Heap after GC invocations=9 (full 2):
 PSYoungGen      total 139776K, used 0K [0x000000076bb00000, 0x0000000778680000, 0x00000007c0000000)
  eden space 125952K, 0% used [0x000000076bb00000,0x000000076bb00000,0x0000000773600000)
  from space 13824K, 0% used [0x0000000773600000,0x0000000773600000,0x0000000774380000)
  to   space 13824K, 0% used [0x0000000777900000,0x0000000777900000,0x0000000778680000)
 ParOldGen       total 175104K, used 13793K [0x00000006c3000000, 0x00000006cdb00000, 0x000000076bb00000)
  object space 175104K, 7% used [0x00000006c3000000,0x00000006c3d78690,0x00000006cdb00000)
 Metaspace       used 33529K, capacity 35448K, committed 35496K, reserved 1079296K
  class space    used 4359K, capacity 4738K, committed 4784K, reserved 1048576K
}
Event: 8.078 GC heap before
{Heap before GC invocations=10 (full 2):
 PSYoungGen      total 139776K, used 125952K [0x000000076bb00000, 0x0000000778680000, 0x00000007c0000000)
  eden space 125952K, 100% used [0x000000076bb00000,0x0000000773600000,0x0000000773600000)
  from space 13824K, 0% used [0x0000000773600000,0x0000000773600000,0x0000000774380000)
  to   space 13824K, 0% used [0x0000000777900000,0x0000000777900000,0x0000000778680000)
 ParOldGen       total 175104K, used 13793K [0x00000006c3000000, 0x00000006cdb00000, 0x000000076bb00000)
  object space 175104K, 7% used [0x00000006c3000000,0x00000006c3d78690,0x00000006cdb00000)
 Metaspace       used 46499K, capacity 48598K, committed 48936K, reserved 1091584K
  class space    used 6266K, capacity 6633K, committed 6704K, reserved 1048576K
Event: 8.090 GC heap after
Heap after GC invocations=10 (full 2):
 PSYoungGen      total 188928K, used 13802K [0x000000076bb00000, 0x0000000778680000, 0x00000007c0000000)
  eden space 175104K, 0% used [0x000000076bb00000,0x000000076bb00000,0x0000000776600000)
  from space 13824K, 99% used [0x0000000777900000,0x000000077867a8a0,0x0000000778680000)
  to   space 15872K, 0% used [0x0000000776780000,0x0000000776780000,0x0000000777700000)
 ParOldGen       total 175104K, used 14889K [0x00000006c3000000, 0x00000006cdb00000, 0x000000076bb00000)
  object space 175104K, 8% used [0x00000006c3000000,0x00000006c3e8a708,0x00000006cdb00000)
 Metaspace       used 46499K, capacity 48598K, committed 48936K, reserved 1091584K
  class space    used 6266K, capacity 6633K, committed 6704K, reserved 1048576K
}
Event: 9.816 GC heap before
{Heap before GC invocations=11 (full 2):
 PSYoungGen      total 188928K, used 156226K [0x000000076bb00000, 0x0000000778680000, 0x00000007c0000000)
  eden space 175104K, 81% used [0x000000076bb00000,0x00000007746160e8,0x0000000776600000)
  from space 13824K, 99% used [0x0000000777900000,0x000000077867a8a0,0x0000000778680000)
  to   space 15872K, 0% used [0x0000000776780000,0x0000000776780000,0x0000000777700000)
 ParOldGen       total 175104K, used 14889K [0x00000006c3000000, 0x00000006cdb00000, 0x000000076bb00000)
  object space 175104K, 8% used [0x00000006c3000000,0x00000006c3e8a708,0x00000006cdb00000)
 Metaspace       used 56348K, capacity 59108K, committed 59160K, reserved 1099776K
  class space    used 7737K, capacity 8194K, committed 8240K, reserved 1048576K
Event: 9.843 GC heap after
Heap after GC invocations=11 (full 2):
 PSYoungGen      total 192512K, used 15846K [0x000000076bb00000, 0x000000077b400000, 0x00000007c0000000)
  eden space 176640K, 0% used [0x000000076bb00000,0x000000076bb00000,0x0000000776780000)
  from space 15872K, 99% used [0x0000000776780000,0x00000007776f99b0,0x0000000777700000)
  to   space 18432K, 0% used [0x000000077a200000,0x000000077a200000,0x000000077b400000)
 ParOldGen       total 175104K, used 15855K [0x00000006c3000000, 0x00000006cdb00000, 0x000000076bb00000)
  object space 175104K, 9% used [0x00000006c3000000,0x00000006c3f7bc98,0x00000006cdb00000)
 Metaspace       used 56348K, capacity 59108K, committed 59160K, reserved 1099776K
  class space    used 7737K, capacity 8194K, committed 8240K, reserved 1048576K
}
Event: 9.843 GC heap before
{Heap before GC invocations=12 (full 3):
 PSYoungGen      total 192512K, used 15846K [0x000000076bb00000, 0x000000077b400000, 0x00000007c0000000)
  eden space 176640K, 0% used [0x000000076bb00000,0x000000076bb00000,0x0000000776780000)
  from space 15872K, 99% used [0x0000000776780000,0x00000007776f99b0,0x0000000777700000)
  to   space 18432K, 0% used [0x000000077a200000,0x000000077a200000,0x000000077b400000)
 ParOldGen       total 175104K, used 15855K [0x00000006c3000000, 0x00000006cdb00000, 0x000000076bb00000)
  object space 175104K, 9% used [0x00000006c3000000,0x00000006c3f7bc98,0x00000006cdb00000)
 Metaspace       used 56348K, capacity 59108K, committed 59160K, reserved 1099776K
  class space    used 7737K, capacity 8194K, committed 8240K, reserved 1048576K
Event: 10.070 GC heap after
Heap after GC invocations=12 (full 3):
 PSYoungGen      total 192512K, used 0K [0x000000076bb00000, 0x000000077b400000, 0x00000007c0000000)
  eden space 176640K, 0% used [0x000000076bb00000,0x000000076bb00000,0x0000000776780000)
  from space 15872K, 0% used [0x0000000776780000,0x0000000776780000,0x0000000777700000)
  to   space 18432K, 0% used [0x000000077a200000,0x000000077a200000,0x000000077b400000)
 ParOldGen       total 175104K, used 28022K [0x00000006c3000000, 0x00000006cdb00000, 0x000000076bb00000)
  object space 175104K, 16% used [0x00000006c3000000,0x00000006c4b5d888,0x00000006cdb00000)
 Metaspace       used 56348K, capacity 59108K, committed 59160K, reserved 1099776K
  class space    used 7737K, capacity 8194K, committed 8240K, reserved 1048576K
}

