# JRE version: Java(TM) SE Runtime Environment (8.0_241-b07) (build 1.8.0_241-b07)
# Java VM: Java HotSpot(TM) 64-Bit Server VM (25.241-b07 mixed mode windows-amd64 compressed oops)
Heap:
 PSYoungGen      total 212480K, used 46048K [0x000000076bb00000, 0x000000077ab00000, 0x00000007c0000000)
  eden space 206848K, 22% used [0x000000076bb00000,0x000000076e7f81e0,0x0000000778500000)
  from space 5632K, 0% used [0x0000000778f80000,0x0000000778f80000,0x0000000779500000)
  to   space 19456K, 0% used [0x0000000779800000,0x0000000779800000,0x000000077ab00000)
 ParOldGen       total 254464K, used 22384K [0x00000006c3000000, 0x00000006d2880000, 0x000000076bb00000)
  object space 254464K, 8% used [0x00000006c3000000,0x00000006c45dc348,0x00000006d2880000)
 Metaspace       used 67498K, capacity 71032K, committed 71320K, reserved 1110016K
  class space    used 9252K, capacity 9844K, committed 9904K, reserved 1048576K
GC Heap History (10 events):
Event: 13.016 GC heap before
{Heap before GC invocations=11 (full 2):
 PSYoungGen      total 193024K, used 154202K [0x000000076bb00000, 0x0000000778a00000, 0x00000007c0000000)
  eden space 179712K, 78% used [0x000000076bb00000,0x0000000774497048,0x0000000776a80000)
  from space 13312K, 99% used [0x0000000777d00000,0x00000007789ffac0,0x0000000778a00000)
  to   space 15872K, 0% used [0x0000000776b00000,0x0000000776b00000,0x0000000777a80000)
 ParOldGen       total 172544K, used 15474K [0x00000006c3000000, 0x00000006cd880000, 0x000000076bb00000)
  object space 172544K, 8% used [0x00000006c3000000,0x00000006c3f1ca40,0x00000006cd880000)
 Metaspace       used 56349K, capacity 59100K, committed 59160K, reserved 1099776K
  class space    used 7735K, capacity 8194K, committed 8240K, reserved 1048576K
Event: 13.046 GC heap after
Heap after GC invocations=11 (full 2):
 PSYoungGen      total 196096K, used 15867K [0x000000076bb00000, 0x000000077b800000, 0x00000007c0000000)
  eden space 180224K, 0% used [0x000000076bb00000,0x000000076bb00000,0x0000000776b00000)
  from space 15872K, 99% used [0x0000000776b00000,0x0000000777a7eff0,0x0000000777a80000)
  to   space 18432K, 0% used [0x000000077a600000,0x000000077a600000,0x000000077b800000)
 ParOldGen       total 172544K, used 16212K [0x00000006c3000000, 0x00000006cd880000, 0x000000076bb00000)
  object space 172544K, 9% used [0x00000006c3000000,0x00000006c3fd5358,0x00000006cd880000)
 Metaspace       used 56349K, capacity 59100K, committed 59160K, reserved 1099776K
  class space    used 7735K, capacity 8194K, committed 8240K, reserved 1048576K
}
Event: 13.047 GC heap before
{Heap before GC invocations=12 (full 3):
 PSYoungGen      total 196096K, used 15867K [0x000000076bb00000, 0x000000077b800000, 0x00000007c0000000)
  eden space 180224K, 0% used [0x000000076bb00000,0x000000076bb00000,0x0000000776b00000)
  from space 15872K, 99% used [0x0000000776b00000,0x0000000777a7eff0,0x0000000777a80000)
  to   space 18432K, 0% used [0x000000077a600000,0x000000077a600000,0x000000077b800000)
 ParOldGen       total 172544K, used 16212K [0x00000006c3000000, 0x00000006cd880000, 0x000000076bb00000)
  object space 172544K, 9% used [0x00000006c3000000,0x00000006c3fd5358,0x00000006cd880000)
 Metaspace       used 56349K, capacity 59100K, committed 59160K, reserved 1099776K
  class space    used 7735K, capacity 8194K, committed 8240K, reserved 1048576K
Event: 13.340 GC heap after
Heap after GC invocations=12 (full 3):
 PSYoungGen      total 196096K, used 0K [0x000000076bb00000, 0x000000077b800000, 0x00000007c0000000)
  eden space 180224K, 0% used [0x000000076bb00000,0x000000076bb00000,0x0000000776b00000)
  from space 15872K, 0% used [0x0000000776b00000,0x0000000776b00000,0x0000000777a80000)
  to   space 18432K, 0% used [0x000000077a600000,0x000000077a600000,0x000000077b800000)
 ParOldGen       total 254464K, used 27863K [0x00000006c3000000, 0x00000006d2880000, 0x000000076bb00000)
  object space 254464K, 10% used [0x00000006c3000000,0x00000006c4b35e08,0x00000006d2880000)
 Metaspace       used 56349K, capacity 59100K, committed 59160K, reserved 1099776K
  class space    used 7735K, capacity 8194K, committed 8240K, reserved 1048576K
}
Event: 295.721 GC heap before
{Heap before GC invocations=13 (full 3):
 PSYoungGen      total 196096K, used 180224K [0x000000076bb00000, 0x000000077b800000, 0x00000007c0000000)
  eden space 180224K, 100% used [0x000000076bb00000,0x0000000776b00000,0x0000000776b00000)
  from space 15872K, 0% used [0x0000000776b00000,0x0000000776b00000,0x0000000777a80000)
  to   space 18432K, 0% used [0x000000077a600000,0x000000077a600000,0x000000077b800000)
 ParOldGen       total 254464K, used 27863K [0x00000006c3000000, 0x00000006d2880000, 0x000000076bb00000)
  object space 254464K, 10% used [0x00000006c3000000,0x00000006c4b35e08,0x00000006d2880000)
 Metaspace       used 67152K, capacity 70586K, committed 70680K, reserved 1110016K
  class space    used 9214K, capacity 9753K, committed 9776K, reserved 1048576K
Event: 295.733 GC heap after
Heap after GC invocations=13 (full 3):
 PSYoungGen      total 222720K, used 15436K [0x000000076bb00000, 0x000000077b580000, 0x00000007c0000000)
  eden space 206848K, 0% used [0x000000076bb00000,0x000000076bb00000,0x0000000778500000)
  from space 15872K, 97% used [0x000000077a600000,0x000000077b5131a8,0x000000077b580000)
  to   space 19456K, 0% used [0x0000000778f80000,0x0000000778f80000,0x000000077a280000)
 ParOldGen       total 254464K, used 27871K [0x00000006c3000000, 0x00000006d2880000, 0x000000076bb00000)
  object space 254464K, 10% used [0x00000006c3000000,0x00000006c4b37e08,0x00000006d2880000)
 Metaspace       used 67152K, capacity 70586K, committed 70680K, reserved 1110016K
  class space    used 9214K, capacity 9753K, committed 9776K, reserved 1048576K
}
Event: 419.590 GC heap before
{Heap before GC invocations=14 (full 3):
 PSYoungGen      total 222720K, used 41688K [0x000000076bb00000, 0x000000077b580000, 0x00000007c0000000)
  eden space 206848K, 12% used [0x000000076bb00000,0x000000076d4a2e90,0x0000000778500000)
  from space 15872K, 97% used [0x000000077a600000,0x000000077b5131a8,0x000000077b580000)
  to   space 19456K, 0% used [0x0000000778f80000,0x0000000778f80000,0x000000077a280000)
 ParOldGen       total 254464K, used 27871K [0x00000006c3000000, 0x00000006d2880000, 0x000000076bb00000)
  object space 254464K, 10% used [0x00000006c3000000,0x00000006c4b37e08,0x00000006d2880000)
 Metaspace       used 67449K, capacity 70936K, committed 71064K, reserved 1110016K
  class space    used 9248K, capacity 9839K, committed 9904K, reserved 1048576K
Event: 419.597 GC heap after
Heap after GC invocations=14 (full 3):
 PSYoungGen      total 212480K, used 5625K [0x000000076bb00000, 0x000000077ab00000, 0x00000007c0000000)
  eden space 206848K, 0% used [0x000000076bb00000,0x000000076bb00000,0x0000000778500000)
  from space 5632K, 99% used [0x0000000778f80000,0x00000007794fe6d8,0x0000000779500000)
  to   space 19456K, 0% used [0x0000000779800000,0x0000000779800000,0x000000077ab00000)
 ParOldGen       total 254464K, used 27879K [0x00000006c3000000, 0x00000006d2880000, 0x000000076bb00000)
  object space 254464K, 10% used [0x00000006c3000000,0x00000006c4b39e08,0x00000006d2880000)
 Metaspace       used 67449K, capacity 70936K, committed 71064K, reserved 1110016K
  class space    used 9248K, capacity 9839K, committed 9904K, reserved 1048576K
}
Event: 419.597 GC heap before
{Heap before GC invocations=15 (full 4):
 PSYoungGen      total 212480K, used 5625K [0x000000076bb00000, 0x000000077ab00000, 0x00000007c0000000)
  eden space 206848K, 0% used [0x000000076bb00000,0x000000076bb00000,0x0000000778500000)
  from space 5632K, 99% used [0x0000000778f80000,0x00000007794fe6d8,0x0000000779500000)
  to   space 19456K, 0% used [0x0000000779800000,0x0000000779800000,0x000000077ab00000)
 ParOldGen       total 254464K, used 27879K [0x00000006c3000000, 0x00000006d2880000, 0x000000076bb00000)
  object space 254464K, 10% used [0x00000006c3000000,0x00000006c4b39e08,0x00000006d2880000)
 Metaspace       used 67449K, capacity 70936K, committed 71064K, reserved 1110016K
  class space    used 9248K, capacity 9839K, committed 9904K, reserved 1048576K
Event: 419.808 GC heap after
Heap after GC invocations=15 (full 4):
 PSYoungGen      total 212480K, used 0K [0x000000076bb00000, 0x000000077ab00000, 0x00000007c0000000)
  eden space 206848K, 0% used [0x000000076bb00000,0x000000076bb00000,0x0000000778500000)
  from space 5632K, 0% used [0x0000000778f80000,0x0000000778f80000,0x0000000779500000)
  to   space 19456K, 0% used [0x0000000779800000,0x0000000779800000,0x000000077ab00000)
 ParOldGen       total 254464K, used 22384K [0x00000006c3000000, 0x00000006d2880000, 0x000000076bb00000)
  object space 254464K, 8% used [0x00000006c3000000,0x00000006c45dc348,0x00000006d2880000)
 Metaspace       used 67449K, capacity 70936K, committed 71064K, reserved 1110016K
  class space    used 9248K, capacity 9839K, committed 9904K, reserved 1048576K
}

