# JRE version: Java(TM) SE Runtime Environment (8.0_241-b07) (build 1.8.0_241-b07)
# Java VM: Java HotSpot(TM) 64-Bit Server VM (25.241-b07 mixed mode windows-amd64 compressed oops)
Heap:
 PSYoungGen      total 152064K, used 140902K [0x00000000f5580000, 0x0000000100000000, 0x0000000100000000)
  eden space 129536K, 91% used [0x00000000f5580000,0x00000000fc91ccb8,0x00000000fd400000)
  from space 22528K, 99% used [0x00000000fd400000,0x00000000fe9fcc40,0x00000000fea00000)
  to   space 22528K, 0% used [0x00000000fea00000,0x00000000fea00000,0x0000000100000000)
 ParOldGen       total 180736K, used 32482K [0x00000000e0000000, 0x00000000eb080000, 0x00000000f5580000)
  object space 180736K, 17% used [0x00000000e0000000,0x00000000e1fb8810,0x00000000eb080000)
 Metaspace       used 54078K, capacity 57184K, committed 57472K, reserved 1097728K
  class space    used 7596K, capacity 8194K, committed 8320K, reserved 1048576K
GC Heap History (10 events):
Event: 4.168 GC heap before
{Heap before GC invocations=7 (full 2):
 PSYoungGen      total 160768K, used 7290K [0x00000000f5580000, 0x0000000100000000, 0x0000000100000000)
  eden space 153088K, 0% used [0x00000000f5580000,0x00000000f5580000,0x00000000feb00000)
  from space 7680K, 94% used [0x00000000feb00000,0x00000000ff21e8d8,0x00000000ff280000)
  to   space 13824K, 0% used [0x00000000ff280000,0x00000000ff280000,0x0000000100000000)
 ParOldGen       total 175104K, used 15883K [0x00000000e0000000, 0x00000000eab00000, 0x00000000f5580000)
  object space 175104K, 9% used [0x00000000e0000000,0x00000000e0f82c58,0x00000000eab00000)
 Metaspace       used 34281K, capacity 35412K, committed 35496K, reserved 1079296K
  class space    used 4799K, capacity 5046K, committed 5120K, reserved 1048576K
Event: 4.236 GC heap after
Heap after GC invocations=7 (full 2):
 PSYoungGen      total 160768K, used 0K [0x00000000f5580000, 0x0000000100000000, 0x0000000100000000)
  eden space 153088K, 0% used [0x00000000f5580000,0x00000000f5580000,0x00000000feb00000)
  from space 7680K, 0% used [0x00000000feb00000,0x00000000feb00000,0x00000000ff280000)
  to   space 13824K, 0% used [0x00000000ff280000,0x00000000ff280000,0x0000000100000000)
 ParOldGen       total 180736K, used 13941K [0x00000000e0000000, 0x00000000eb080000, 0x00000000f5580000)
  object space 180736K, 7% used [0x00000000e0000000,0x00000000e0d9d440,0x00000000eb080000)
 Metaspace       used 34281K, capacity 35412K, committed 35496K, reserved 1079296K
  class space    used 4799K, capacity 5046K, committed 5120K, reserved 1048576K
}
Event: 5.452 GC heap before
{Heap before GC invocations=8 (full 2):
 PSYoungGen      total 160768K, used 153088K [0x00000000f5580000, 0x0000000100000000, 0x0000000100000000)
  eden space 153088K, 100% used [0x00000000f5580000,0x00000000feb00000,0x00000000feb00000)
  from space 7680K, 0% used [0x00000000feb00000,0x00000000feb00000,0x00000000ff280000)
  to   space 13824K, 0% used [0x00000000ff280000,0x00000000ff280000,0x0000000100000000)
 ParOldGen       total 180736K, used 13941K [0x00000000e0000000, 0x00000000eb080000, 0x00000000f5580000)
  object space 180736K, 7% used [0x00000000e0000000,0x00000000e0d9d440,0x00000000eb080000)
 Metaspace       used 41117K, capacity 43206K, committed 43264K, reserved 1085440K
  class space    used 5935K, capacity 6354K, committed 6400K, reserved 1048576K
Event: 5.461 GC heap after
Heap after GC invocations=8 (full 2):
 PSYoungGen      total 154624K, used 11726K [0x00000000f5580000, 0x0000000100000000, 0x0000000100000000)
  eden space 140800K, 0% used [0x00000000f5580000,0x00000000f5580000,0x00000000fdf00000)
  from space 13824K, 84% used [0x00000000ff280000,0x00000000ffdf3ab0,0x0000000100000000)
  to   space 16896K, 0% used [0x00000000fdf00000,0x00000000fdf00000,0x00000000fef80000)
 ParOldGen       total 180736K, used 13949K [0x00000000e0000000, 0x00000000eb080000, 0x00000000f5580000)
  object space 180736K, 7% used [0x00000000e0000000,0x00000000e0d9f440,0x00000000eb080000)
 Metaspace       used 41117K, capacity 43206K, committed 43264K, reserved 1085440K
  class space    used 5935K, capacity 6354K, committed 6400K, reserved 1048576K
}
Event: 6.650 GC heap before
{Heap before GC invocations=9 (full 2):
 PSYoungGen      total 154624K, used 152526K [0x00000000f5580000, 0x0000000100000000, 0x0000000100000000)
  eden space 140800K, 100% used [0x00000000f5580000,0x00000000fdf00000,0x00000000fdf00000)
  from space 13824K, 84% used [0x00000000ff280000,0x00000000ffdf3ab0,0x0000000100000000)
  to   space 16896K, 0% used [0x00000000fdf00000,0x00000000fdf00000,0x00000000fef80000)
 ParOldGen       total 180736K, used 13949K [0x00000000e0000000, 0x00000000eb080000, 0x00000000f5580000)
  object space 180736K, 7% used [0x00000000e0000000,0x00000000e0d9f440,0x00000000eb080000)
 Metaspace       used 45815K, capacity 48360K, committed 48640K, reserved 1091584K
  class space    used 6577K, capacity 7056K, committed 7168K, reserved 1048576K
Event: 6.672 GC heap after
Heap after GC invocations=9 (full 2):
 PSYoungGen      total 157696K, used 16881K [0x00000000f5580000, 0x0000000100000000, 0x0000000100000000)
  eden space 140800K, 0% used [0x00000000f5580000,0x00000000f5580000,0x00000000fdf00000)
  from space 16896K, 99% used [0x00000000fdf00000,0x00000000fef7c718,0x00000000fef80000)
  to   space 16896K, 0% used [0x00000000fef80000,0x00000000fef80000,0x0000000100000000)
 ParOldGen       total 180736K, used 15060K [0x00000000e0000000, 0x00000000eb080000, 0x00000000f5580000)
  object space 180736K, 8% used [0x00000000e0000000,0x00000000e0eb52a0,0x00000000eb080000)
 Metaspace       used 45815K, capacity 48360K, committed 48640K, reserved 1091584K
  class space    used 6577K, capacity 7056K, committed 7168K, reserved 1048576K
}
Event: 7.390 GC heap before
{Heap before GC invocations=10 (full 2):
 PSYoungGen      total 157696K, used 157681K [0x00000000f5580000, 0x0000000100000000, 0x0000000100000000)
  eden space 140800K, 100% used [0x00000000f5580000,0x00000000fdf00000,0x00000000fdf00000)
  from space 16896K, 99% used [0x00000000fdf00000,0x00000000fef7c718,0x00000000fef80000)
  to   space 16896K, 0% used [0x00000000fef80000,0x00000000fef80000,0x0000000100000000)
 ParOldGen       total 180736K, used 15060K [0x00000000e0000000, 0x00000000eb080000, 0x00000000f5580000)
  object space 180736K, 8% used [0x00000000e0000000,0x00000000e0eb52a0,0x00000000eb080000)
 Metaspace       used 46209K, capacity 48730K, committed 48896K, reserved 1091584K
  class space    used 6584K, capacity 7063K, committed 7168K, reserved 1048576K
Event: 7.409 GC heap after
Heap after GC invocations=10 (full 2):
 PSYoungGen      total 146432K, used 16880K [0x00000000f5580000, 0x0000000100000000, 0x0000000100000000)
  eden space 129536K, 0% used [0x00000000f5580000,0x00000000f5580000,0x00000000fd400000)
  from space 16896K, 99% used [0x00000000fef80000,0x00000000ffffc040,0x0000000100000000)
  to   space 22528K, 0% used [0x00000000fd400000,0x00000000fd400000,0x00000000fea00000)
 ParOldGen       total 180736K, used 18124K [0x00000000e0000000, 0x00000000eb080000, 0x00000000f5580000)
  object space 180736K, 10% used [0x00000000e0000000,0x00000000e11b3120,0x00000000eb080000)
 Metaspace       used 46209K, capacity 48730K, committed 48896K, reserved 1091584K
  class space    used 6584K, capacity 7063K, committed 7168K, reserved 1048576K
}
Event: 8.878 GC heap before
{Heap before GC invocations=11 (full 2):
 PSYoungGen      total 146432K, used 146371K [0x00000000f5580000, 0x0000000100000000, 0x0000000100000000)
  eden space 129536K, 99% used [0x00000000f5580000,0x00000000fd3f4d20,0x00000000fd400000)
  from space 16896K, 99% used [0x00000000fef80000,0x00000000ffffc040,0x0000000100000000)
  to   space 22528K, 0% used [0x00000000fd400000,0x00000000fd400000,0x00000000fea00000)
 ParOldGen       total 180736K, used 18124K [0x00000000e0000000, 0x00000000eb080000, 0x00000000f5580000)
  object space 180736K, 10% used [0x00000000e0000000,0x00000000e11b3120,0x00000000eb080000)
 Metaspace       used 51276K, capacity 54248K, committed 54528K, reserved 1095680K
  class space    used 7310K, capacity 7849K, committed 7936K, reserved 1048576K
Event: 8.898 GC heap after
Heap after GC invocations=11 (full 2):
 PSYoungGen      total 152064K, used 22515K [0x00000000f5580000, 0x0000000100000000, 0x0000000100000000)
  eden space 129536K, 0% used [0x00000000f5580000,0x00000000f5580000,0x00000000fd400000)
  from space 22528K, 99% used [0x00000000fd400000,0x00000000fe9fcc40,0x00000000fea00000)
  to   space 22528K, 0% used [0x00000000fea00000,0x00000000fea00000,0x0000000100000000)
 ParOldGen       total 180736K, used 32482K [0x00000000e0000000, 0x00000000eb080000, 0x00000000f5580000)
  object space 180736K, 17% used [0x00000000e0000000,0x00000000e1fb8810,0x00000000eb080000)
 Metaspace       used 51276K, capacity 54248K, committed 54528K, reserved 1095680K
  class space    used 7310K, capacity 7849K, committed 7936K, reserved 1048576K
}

